<?xml version="1.0" encoding="UTF-8"?>
<testsuite name="projectB.meongbti.pet.controller.PetControllerTest" tests="3" skipped="0" failures="0" errors="0" timestamp="2023-02-13T13:55:01" hostname="DESKTOP-4HQQ7N5" time="0.754">
  <properties/>
  <testcase name="펫 등록" classname="projectB.meongbti.pet.controller.PetControllerTest" time="0.731"/>
  <testcase name="펫조회By펫ID()" classname="projectB.meongbti.pet.controller.PetControllerTest" time="0.01"/>
  <testcase name="펫목록조회By멤버ID()" classname="projectB.meongbti.pet.controller.PetControllerTest" time="0.009"/>
  <system-out><![CDATA[22:54:52.559 [Test worker] DEBUG org.springframework.test.context.BootstrapUtils - Instantiating CacheAwareContextLoaderDelegate from class [org.springframework.test.context.cache.DefaultCacheAwareContextLoaderDelegate]
22:54:52.580 [Test worker] DEBUG org.springframework.test.context.BootstrapUtils - Instantiating BootstrapContext using constructor [public org.springframework.test.context.support.DefaultBootstrapContext(java.lang.Class,org.springframework.test.context.CacheAwareContextLoaderDelegate)]
22:54:52.638 [Test worker] DEBUG org.springframework.test.context.BootstrapUtils - Instantiating TestContextBootstrapper for test class [projectB.meongbti.pet.controller.PetControllerTest] from class [org.springframework.boot.test.context.SpringBootTestContextBootstrapper]
22:54:52.661 [Test worker] INFO org.springframework.boot.test.context.SpringBootTestContextBootstrapper - Neither @ContextConfiguration nor @ContextHierarchy found for test class [projectB.meongbti.pet.controller.PetControllerTest], using SpringBootContextLoader
22:54:52.673 [Test worker] DEBUG org.springframework.test.context.support.AbstractContextLoader - Did not detect default resource location for test class [projectB.meongbti.pet.controller.PetControllerTest]: class path resource [projectB/meongbti/pet/controller/PetControllerTest-context.xml] does not exist
22:54:52.675 [Test worker] DEBUG org.springframework.test.context.support.AbstractContextLoader - Did not detect default resource location for test class [projectB.meongbti.pet.controller.PetControllerTest]: class path resource [projectB/meongbti/pet/controller/PetControllerTestContext.groovy] does not exist
22:54:52.675 [Test worker] INFO org.springframework.test.context.support.AbstractContextLoader - Could not detect default resource locations for test class [projectB.meongbti.pet.controller.PetControllerTest]: no resource found for suffixes {-context.xml, Context.groovy}.
22:54:52.677 [Test worker] INFO org.springframework.test.context.support.AnnotationConfigContextLoaderUtils - Could not detect default configuration classes for test class [projectB.meongbti.pet.controller.PetControllerTest]: PetControllerTest does not declare any static, non-private, non-final, nested classes annotated with @Configuration.
22:54:52.761 [Test worker] DEBUG org.springframework.test.context.support.ActiveProfilesUtils - Could not find an 'annotation declaring class' for annotation type [org.springframework.test.context.ActiveProfiles] and class [projectB.meongbti.pet.controller.PetControllerTest]
22:54:52.889 [Test worker] DEBUG org.springframework.context.annotation.ClassPathScanningCandidateComponentProvider - Identified candidate component class: file [C:\project\Meong_bti_Backend\build\classes\java\main\projectB\meongbti\MeongbtiApplication.class]
22:54:52.891 [Test worker] INFO org.springframework.boot.test.context.SpringBootTestContextBootstrapper - Found @SpringBootConfiguration projectB.meongbti.MeongbtiApplication for test class projectB.meongbti.pet.controller.PetControllerTest
22:54:53.073 [Test worker] DEBUG org.springframework.boot.test.context.SpringBootTestContextBootstrapper - @TestExecutionListeners is not present for class [projectB.meongbti.pet.controller.PetControllerTest]: using defaults.
22:54:53.074 [Test worker] INFO org.springframework.boot.test.context.SpringBootTestContextBootstrapper - Loaded default TestExecutionListener class names from location [META-INF/spring.factories]: [org.springframework.boot.test.autoconfigure.restdocs.RestDocsTestExecutionListener, org.springframework.boot.test.autoconfigure.web.client.MockRestServiceServerResetTestExecutionListener, org.springframework.boot.test.autoconfigure.web.servlet.MockMvcPrintOnlyOnFailureTestExecutionListener, org.springframework.boot.test.autoconfigure.web.servlet.WebDriverTestExecutionListener, org.springframework.boot.test.autoconfigure.webservices.client.MockWebServiceServerTestExecutionListener, org.springframework.boot.test.mock.mockito.MockitoTestExecutionListener, org.springframework.boot.test.mock.mockito.ResetMocksTestExecutionListener, org.springframework.test.context.web.ServletTestExecutionListener, org.springframework.test.context.support.DirtiesContextBeforeModesTestExecutionListener, org.springframework.test.context.event.ApplicationEventsTestExecutionListener, org.springframework.test.context.support.DependencyInjectionTestExecutionListener, org.springframework.test.context.support.DirtiesContextTestExecutionListener, org.springframework.test.context.transaction.TransactionalTestExecutionListener, org.springframework.test.context.jdbc.SqlScriptsTestExecutionListener, org.springframework.test.context.event.EventPublishingTestExecutionListener]
22:54:53.104 [Test worker] INFO org.springframework.boot.test.context.SpringBootTestContextBootstrapper - Using TestExecutionListeners: [org.springframework.test.context.web.ServletTestExecutionListener@61a5b4ae, org.springframework.test.context.support.DirtiesContextBeforeModesTestExecutionListener@3a71c100, org.springframework.test.context.event.ApplicationEventsTestExecutionListener@5b69fd74, org.springframework.boot.test.mock.mockito.MockitoTestExecutionListener@f325091, org.springframework.boot.test.autoconfigure.SpringBootDependencyInjectionTestExecutionListener@437e951d, org.springframework.test.context.support.DirtiesContextTestExecutionListener@77b325b3, org.springframework.test.context.transaction.TransactionalTestExecutionListener@63a5e46c, org.springframework.test.context.jdbc.SqlScriptsTestExecutionListener@7e8e8651, org.springframework.test.context.event.EventPublishingTestExecutionListener@49ef32e0, org.springframework.boot.test.autoconfigure.restdocs.RestDocsTestExecutionListener@271f18d3, org.springframework.boot.test.autoconfigure.web.client.MockRestServiceServerResetTestExecutionListener@6bd51ed8, org.springframework.boot.test.autoconfigure.web.servlet.MockMvcPrintOnlyOnFailureTestExecutionListener@61e3a1fd, org.springframework.boot.test.autoconfigure.web.servlet.WebDriverTestExecutionListener@51abf713, org.springframework.boot.test.autoconfigure.webservices.client.MockWebServiceServerTestExecutionListener@eadb475, org.springframework.boot.test.mock.mockito.ResetMocksTestExecutionListener@4d4d48a6]
22:54:53.111 [Test worker] DEBUG org.springframework.test.context.support.AbstractDirtiesContextTestExecutionListener - Before test class: context [DefaultTestContext@214894fc testClass = PetControllerTest, testInstance = [null], testMethod = [null], testException = [null], mergedContextConfiguration = [WebMergedContextConfiguration@10567255 testClass = PetControllerTest, locations = '{}', classes = '{class projectB.meongbti.MeongbtiApplication}', contextInitializerClasses = '[]', activeProfiles = '{}', propertySourceLocations = '{}', propertySourceProperties = '{org.springframework.boot.test.context.SpringBootTestContextBootstrapper=true}', contextCustomizers = set[org.springframework.boot.test.autoconfigure.actuate.metrics.MetricsExportContextCustomizerFactory$DisableMetricExportContextCustomizer@7c2b6087, org.springframework.boot.test.autoconfigure.properties.PropertyMappingContextCustomizer@0, org.springframework.boot.test.autoconfigure.web.servlet.WebDriverContextCustomizerFactory$Customizer@5c87bfe2, org.springframework.boot.test.context.filter.ExcludeFilterContextCustomizer@4cc6fa2a, org.springframework.boot.test.json.DuplicateJsonObjectContextCustomizerFactory$DuplicateJsonObjectContextCustomizer@590c73d3, org.springframework.boot.test.mock.mockito.MockitoContextCustomizer@0, org.springframework.boot.test.web.client.TestRestTemplateContextCustomizer@5316e95f, org.springframework.boot.test.context.SpringBootTestArgs@1, org.springframework.boot.test.context.SpringBootTestWebEnvironment@51a9ad5e], resourceBasePath = 'src/main/webapp', contextLoader = 'org.springframework.boot.test.context.SpringBootContextLoader', parent = [null]], attributes = map['org.springframework.test.context.web.ServletTestExecutionListener.activateListener' -> true]], class annotated with @DirtiesContext [false] with mode [null].

  .   ____          _            __ _ _
 /\\ / ___'_ __ _ _(_)_ __  __ _ \ \ \ \
( ( )\___ | '_ | '_| | '_ \/ _` | \ \ \ \
 \\/  ___)| |_)| | | | | || (_| |  ) ) ) )
  '  |____| .__|_| |_|_| |_\__, | / / / /
 =========|_|==============|___/=/_/_/_/
 :: Spring Boot ::                (v2.7.8)

2023-02-13 22:54:53.667  INFO 11332 --- [    Test worker] p.m.pet.controller.PetControllerTest     : Starting PetControllerTest using Java 11.0.15.1 on DESKTOP-4HQQ7N5 with PID 11332 (started by Junho in C:\project\Meong_bti_Backend)
2023-02-13 22:54:53.669  INFO 11332 --- [    Test worker] p.m.pet.controller.PetControllerTest     : No active profile set, falling back to 1 default profile: "default"
2023-02-13 22:54:54.941  INFO 11332 --- [    Test worker] .s.d.r.c.RepositoryConfigurationDelegate : Bootstrapping Spring Data JPA repositories in DEFAULT mode.
2023-02-13 22:54:55.045  INFO 11332 --- [    Test worker] .s.d.r.c.RepositoryConfigurationDelegate : Finished Spring Data repository scanning in 91 ms. Found 1 JPA repository interfaces.
2023-02-13 22:54:55.942  INFO 11332 --- [    Test worker] o.hibernate.jpa.internal.util.LogHelper  : HHH000204: Processing PersistenceUnitInfo [name: default]
2023-02-13 22:54:56.061  INFO 11332 --- [    Test worker] org.hibernate.Version                    : HHH000412: Hibernate ORM core version 5.6.14.Final
2023-02-13 22:54:56.420  INFO 11332 --- [    Test worker] o.hibernate.annotations.common.Version   : HCANN000001: Hibernate Commons Annotations {5.1.2.Final}
2023-02-13 22:54:56.656  INFO 11332 --- [    Test worker] com.zaxxer.hikari.HikariDataSource       : HikariPool-1 - Starting...
2023-02-13 22:54:57.159  INFO 11332 --- [    Test worker] com.zaxxer.hikari.HikariDataSource       : HikariPool-1 - Start completed.
2023-02-13 22:54:57.235  INFO 11332 --- [    Test worker] org.hibernate.dialect.Dialect            : HHH000400: Using dialect: org.hibernate.dialect.MySQL57Dialect
Hibernate: 
    
    alter table pet 
       drop 
       foreign key FK1c9th7o408mgfqkbjjkvkl4mw
Hibernate: 
    
    drop table if exists member
Hibernate: 
    
    drop table if exists pet
Hibernate: 
    
    create table member (
       member_id bigint not null auto_increment,
        member_email varchar(255) not null,
        member_image varchar(255),
        member_nick varchar(255) not null,
        member_phone varchar(255) not null,
        member_pw varchar(255) not null,
        primary key (member_id)
    ) engine=InnoDB
Hibernate: 
    
    create table pet (
       pet_id bigint not null auto_increment,
        pet_bday date not null,
        pet_breed varchar(255) not null,
        pet_gender varchar(255) not null,
        pet_image varchar(255),
        pet_mbti varchar(255),
        pet_name varchar(255) not null,
        pet_ntlz varchar(255) not null,
        pet_weight double precision not null,
        member_id bigint,
        primary key (pet_id)
    ) engine=InnoDB
Hibernate: 
    
    alter table member 
       add constraint UK_3orqjaukiw2b73e2gw8rer4rq unique (member_email)
Hibernate: 
    
    alter table pet 
       add constraint FK1c9th7o408mgfqkbjjkvkl4mw 
       foreign key (member_id) 
       references member (member_id)
2023-02-13 22:54:58.835  INFO 11332 --- [    Test worker] o.h.e.t.j.p.i.JtaPlatformInitiator       : HHH000490: Using JtaPlatform implementation: [org.hibernate.engine.transaction.jta.platform.internal.NoJtaPlatform]
2023-02-13 22:54:58.853  INFO 11332 --- [    Test worker] j.LocalContainerEntityManagerFactoryBean : Initialized JPA EntityManagerFactory for persistence unit 'default'
2023-02-13 22:54:59.925  WARN 11332 --- [    Test worker] JpaBaseConfiguration$JpaWebConfiguration : spring.jpa.open-in-view is enabled by default. Therefore, database queries may be performed during view rendering. Explicitly configure spring.jpa.open-in-view to disable this warning
2023-02-13 22:55:01.032  INFO 11332 --- [    Test worker] p.m.pet.controller.PetControllerTest     : Started PetControllerTest in 7.856 seconds (JVM running for 10.394)
2023-02-13 22:55:01.089  INFO 11332 --- [    Test worker] o.s.t.c.transaction.TransactionContext   : Began transaction (1) for test context [DefaultTestContext@214894fc testClass = PetControllerTest, testInstance = projectB.meongbti.pet.controller.PetControllerTest@2b98c310, testMethod = petSave@PetControllerTest, testException = [null], mergedContextConfiguration = [WebMergedContextConfiguration@10567255 testClass = PetControllerTest, locations = '{}', classes = '{class projectB.meongbti.MeongbtiApplication}', contextInitializerClasses = '[]', activeProfiles = '{}', propertySourceLocations = '{}', propertySourceProperties = '{org.springframework.boot.test.context.SpringBootTestContextBootstrapper=true}', contextCustomizers = set[org.springframework.boot.test.autoconfigure.actuate.metrics.MetricsExportContextCustomizerFactory$DisableMetricExportContextCustomizer@7c2b6087, org.springframework.boot.test.autoconfigure.properties.PropertyMappingContextCustomizer@0, org.springframework.boot.test.autoconfigure.web.servlet.WebDriverContextCustomizerFactory$Customizer@5c87bfe2, org.springframework.boot.test.context.filter.ExcludeFilterContextCustomizer@4cc6fa2a, org.springframework.boot.test.json.DuplicateJsonObjectContextCustomizerFactory$DuplicateJsonObjectContextCustomizer@590c73d3, org.springframework.boot.test.mock.mockito.MockitoContextCustomizer@0, org.springframework.boot.test.web.client.TestRestTemplateContextCustomizer@5316e95f, org.springframework.boot.test.context.SpringBootTestArgs@1, org.springframework.boot.test.context.SpringBootTestWebEnvironment@51a9ad5e], resourceBasePath = 'src/main/webapp', contextLoader = 'org.springframework.boot.test.context.SpringBootContextLoader', parent = [null]], attributes = map['org.springframework.test.context.web.ServletTestExecutionListener.activateListener' -> true, 'org.springframework.test.context.web.ServletTestExecutionListener.populatedRequestContextHolder' -> true, 'org.springframework.test.context.web.ServletTestExecutionListener.resetRequestContextHolder' -> true, 'org.springframework.test.context.event.ApplicationEventsTestExecutionListener.recordApplicationEvents' -> false]]; transaction manager [org.springframework.orm.jpa.JpaTransactionManager@14b4b25e]; rollback [true]
Hibernate: 
    insert 
    into
        member
        (member_email, member_image, member_nick, member_phone, member_pw) 
    values
        (?, ?, ?, ?, ?)
Hibernate: 
    insert 
    into
        pet
        (member_id, pet_bday, pet_breed, pet_gender, pet_image, pet_mbti, pet_name, pet_ntlz, pet_weight) 
    values
        (?, ?, ?, ?, ?, ?, ?, ?, ?)
Hibernate: 
    select
        pet0_.pet_id as pet_id1_1_,
        pet0_.member_id as member_10_1_,
        pet0_.pet_bday as pet_bday2_1_,
        pet0_.pet_breed as pet_bree3_1_,
        pet0_.pet_gender as pet_gend4_1_,
        pet0_.pet_image as pet_imag5_1_,
        pet0_.pet_mbti as pet_mbti6_1_,
        pet0_.pet_name as pet_name7_1_,
        pet0_.pet_ntlz as pet_ntlz8_1_,
        pet0_.pet_weight as pet_weig9_1_ 
    from
        pet pet0_ 
    where
        pet0_.pet_id=?
2023-02-13 22:55:01.796  INFO 11332 --- [    Test worker] o.s.t.c.transaction.TransactionContext   : Rolled back transaction for test: [DefaultTestContext@214894fc testClass = PetControllerTest, testInstance = projectB.meongbti.pet.controller.PetControllerTest@2b98c310, testMethod = petSave@PetControllerTest, testException = [null], mergedContextConfiguration = [WebMergedContextConfiguration@10567255 testClass = PetControllerTest, locations = '{}', classes = '{class projectB.meongbti.MeongbtiApplication}', contextInitializerClasses = '[]', activeProfiles = '{}', propertySourceLocations = '{}', propertySourceProperties = '{org.springframework.boot.test.context.SpringBootTestContextBootstrapper=true}', contextCustomizers = set[org.springframework.boot.test.autoconfigure.actuate.metrics.MetricsExportContextCustomizerFactory$DisableMetricExportContextCustomizer@7c2b6087, org.springframework.boot.test.autoconfigure.properties.PropertyMappingContextCustomizer@0, org.springframework.boot.test.autoconfigure.web.servlet.WebDriverContextCustomizerFactory$Customizer@5c87bfe2, org.springframework.boot.test.context.filter.ExcludeFilterContextCustomizer@4cc6fa2a, org.springframework.boot.test.json.DuplicateJsonObjectContextCustomizerFactory$DuplicateJsonObjectContextCustomizer@590c73d3, org.springframework.boot.test.mock.mockito.MockitoContextCustomizer@0, org.springframework.boot.test.web.client.TestRestTemplateContextCustomizer@5316e95f, org.springframework.boot.test.context.SpringBootTestArgs@1, org.springframework.boot.test.context.SpringBootTestWebEnvironment@51a9ad5e], resourceBasePath = 'src/main/webapp', contextLoader = 'org.springframework.boot.test.context.SpringBootContextLoader', parent = [null]], attributes = map['org.springframework.test.context.web.ServletTestExecutionListener.activateListener' -> true, 'org.springframework.test.context.web.ServletTestExecutionListener.populatedRequestContextHolder' -> true, 'org.springframework.test.context.web.ServletTestExecutionListener.resetRequestContextHolder' -> true, 'org.springframework.test.context.event.ApplicationEventsTestExecutionListener.recordApplicationEvents' -> false]]
2023-02-13 22:55:01.807  INFO 11332 --- [    Test worker] o.s.t.c.transaction.TransactionContext   : Began transaction (1) for test context [DefaultTestContext@214894fc testClass = PetControllerTest, testInstance = projectB.meongbti.pet.controller.PetControllerTest@4e773b8a, testMethod = 펫조회By펫ID@PetControllerTest, testException = [null], mergedContextConfiguration = [WebMergedContextConfiguration@10567255 testClass = PetControllerTest, locations = '{}', classes = '{class projectB.meongbti.MeongbtiApplication}', contextInitializerClasses = '[]', activeProfiles = '{}', propertySourceLocations = '{}', propertySourceProperties = '{org.springframework.boot.test.context.SpringBootTestContextBootstrapper=true}', contextCustomizers = set[org.springframework.boot.test.autoconfigure.actuate.metrics.MetricsExportContextCustomizerFactory$DisableMetricExportContextCustomizer@7c2b6087, org.springframework.boot.test.autoconfigure.properties.PropertyMappingContextCustomizer@0, org.springframework.boot.test.autoconfigure.web.servlet.WebDriverContextCustomizerFactory$Customizer@5c87bfe2, org.springframework.boot.test.context.filter.ExcludeFilterContextCustomizer@4cc6fa2a, org.springframework.boot.test.json.DuplicateJsonObjectContextCustomizerFactory$DuplicateJsonObjectContextCustomizer@590c73d3, org.springframework.boot.test.mock.mockito.MockitoContextCustomizer@0, org.springframework.boot.test.web.client.TestRestTemplateContextCustomizer@5316e95f, org.springframework.boot.test.context.SpringBootTestArgs@1, org.springframework.boot.test.context.SpringBootTestWebEnvironment@51a9ad5e], resourceBasePath = 'src/main/webapp', contextLoader = 'org.springframework.boot.test.context.SpringBootContextLoader', parent = [null]], attributes = map['org.springframework.test.context.web.ServletTestExecutionListener.activateListener' -> true, 'org.springframework.test.context.web.ServletTestExecutionListener.populatedRequestContextHolder' -> true, 'org.springframework.test.context.web.ServletTestExecutionListener.resetRequestContextHolder' -> true, 'org.springframework.test.context.event.ApplicationEventsTestExecutionListener.recordApplicationEvents' -> false]]; transaction manager [org.springframework.orm.jpa.JpaTransactionManager@14b4b25e]; rollback [true]
2023-02-13 22:55:01.815  INFO 11332 --- [    Test worker] o.s.t.c.transaction.TransactionContext   : Rolled back transaction for test: [DefaultTestContext@214894fc testClass = PetControllerTest, testInstance = projectB.meongbti.pet.controller.PetControllerTest@4e773b8a, testMethod = 펫조회By펫ID@PetControllerTest, testException = [null], mergedContextConfiguration = [WebMergedContextConfiguration@10567255 testClass = PetControllerTest, locations = '{}', classes = '{class projectB.meongbti.MeongbtiApplication}', contextInitializerClasses = '[]', activeProfiles = '{}', propertySourceLocations = '{}', propertySourceProperties = '{org.springframework.boot.test.context.SpringBootTestContextBootstrapper=true}', contextCustomizers = set[org.springframework.boot.test.autoconfigure.actuate.metrics.MetricsExportContextCustomizerFactory$DisableMetricExportContextCustomizer@7c2b6087, org.springframework.boot.test.autoconfigure.properties.PropertyMappingContextCustomizer@0, org.springframework.boot.test.autoconfigure.web.servlet.WebDriverContextCustomizerFactory$Customizer@5c87bfe2, org.springframework.boot.test.context.filter.ExcludeFilterContextCustomizer@4cc6fa2a, org.springframework.boot.test.json.DuplicateJsonObjectContextCustomizerFactory$DuplicateJsonObjectContextCustomizer@590c73d3, org.springframework.boot.test.mock.mockito.MockitoContextCustomizer@0, org.springframework.boot.test.web.client.TestRestTemplateContextCustomizer@5316e95f, org.springframework.boot.test.context.SpringBootTestArgs@1, org.springframework.boot.test.context.SpringBootTestWebEnvironment@51a9ad5e], resourceBasePath = 'src/main/webapp', contextLoader = 'org.springframework.boot.test.context.SpringBootContextLoader', parent = [null]], attributes = map['org.springframework.test.context.web.ServletTestExecutionListener.activateListener' -> true, 'org.springframework.test.context.web.ServletTestExecutionListener.populatedRequestContextHolder' -> true, 'org.springframework.test.context.web.ServletTestExecutionListener.resetRequestContextHolder' -> true, 'org.springframework.test.context.event.ApplicationEventsTestExecutionListener.recordApplicationEvents' -> false]]
2023-02-13 22:55:01.819  INFO 11332 --- [    Test worker] o.s.t.c.transaction.TransactionContext   : Began transaction (1) for test context [DefaultTestContext@214894fc testClass = PetControllerTest, testInstance = projectB.meongbti.pet.controller.PetControllerTest@57eb2555, testMethod = 펫목록조회By멤버ID@PetControllerTest, testException = [null], mergedContextConfiguration = [WebMergedContextConfiguration@10567255 testClass = PetControllerTest, locations = '{}', classes = '{class projectB.meongbti.MeongbtiApplication}', contextInitializerClasses = '[]', activeProfiles = '{}', propertySourceLocations = '{}', propertySourceProperties = '{org.springframework.boot.test.context.SpringBootTestContextBootstrapper=true}', contextCustomizers = set[org.springframework.boot.test.autoconfigure.actuate.metrics.MetricsExportContextCustomizerFactory$DisableMetricExportContextCustomizer@7c2b6087, org.springframework.boot.test.autoconfigure.properties.PropertyMappingContextCustomizer@0, org.springframework.boot.test.autoconfigure.web.servlet.WebDriverContextCustomizerFactory$Customizer@5c87bfe2, org.springframework.boot.test.context.filter.ExcludeFilterContextCustomizer@4cc6fa2a, org.springframework.boot.test.json.DuplicateJsonObjectContextCustomizerFactory$DuplicateJsonObjectContextCustomizer@590c73d3, org.springframework.boot.test.mock.mockito.MockitoContextCustomizer@0, org.springframework.boot.test.web.client.TestRestTemplateContextCustomizer@5316e95f, org.springframework.boot.test.context.SpringBootTestArgs@1, org.springframework.boot.test.context.SpringBootTestWebEnvironment@51a9ad5e], resourceBasePath = 'src/main/webapp', contextLoader = 'org.springframework.boot.test.context.SpringBootContextLoader', parent = [null]], attributes = map['org.springframework.test.context.web.ServletTestExecutionListener.activateListener' -> true, 'org.springframework.test.context.web.ServletTestExecutionListener.populatedRequestContextHolder' -> true, 'org.springframework.test.context.web.ServletTestExecutionListener.resetRequestContextHolder' -> true, 'org.springframework.test.context.event.ApplicationEventsTestExecutionListener.recordApplicationEvents' -> false]]; transaction manager [org.springframework.orm.jpa.JpaTransactionManager@14b4b25e]; rollback [true]
2023-02-13 22:55:01.826  INFO 11332 --- [    Test worker] o.s.t.c.transaction.TransactionContext   : Rolled back transaction for test: [DefaultTestContext@214894fc testClass = PetControllerTest, testInstance = projectB.meongbti.pet.controller.PetControllerTest@57eb2555, testMethod = 펫목록조회By멤버ID@PetControllerTest, testException = [null], mergedContextConfiguration = [WebMergedContextConfiguration@10567255 testClass = PetControllerTest, locations = '{}', classes = '{class projectB.meongbti.MeongbtiApplication}', contextInitializerClasses = '[]', activeProfiles = '{}', propertySourceLocations = '{}', propertySourceProperties = '{org.springframework.boot.test.context.SpringBootTestContextBootstrapper=true}', contextCustomizers = set[org.springframework.boot.test.autoconfigure.actuate.metrics.MetricsExportContextCustomizerFactory$DisableMetricExportContextCustomizer@7c2b6087, org.springframework.boot.test.autoconfigure.properties.PropertyMappingContextCustomizer@0, org.springframework.boot.test.autoconfigure.web.servlet.WebDriverContextCustomizerFactory$Customizer@5c87bfe2, org.springframework.boot.test.context.filter.ExcludeFilterContextCustomizer@4cc6fa2a, org.springframework.boot.test.json.DuplicateJsonObjectContextCustomizerFactory$DuplicateJsonObjectContextCustomizer@590c73d3, org.springframework.boot.test.mock.mockito.MockitoContextCustomizer@0, org.springframework.boot.test.web.client.TestRestTemplateContextCustomizer@5316e95f, org.springframework.boot.test.context.SpringBootTestArgs@1, org.springframework.boot.test.context.SpringBootTestWebEnvironment@51a9ad5e], resourceBasePath = 'src/main/webapp', contextLoader = 'org.springframework.boot.test.context.SpringBootContextLoader', parent = [null]], attributes = map['org.springframework.test.context.web.ServletTestExecutionListener.activateListener' -> true, 'org.springframework.test.context.web.ServletTestExecutionListener.populatedRequestContextHolder' -> true, 'org.springframework.test.context.web.ServletTestExecutionListener.resetRequestContextHolder' -> true, 'org.springframework.test.context.event.ApplicationEventsTestExecutionListener.recordApplicationEvents' -> false]]
]]></system-out>
  <system-err><![CDATA[]]></system-err>
</testsuite>
